[INFO ] 07-12-2023 22:39:08 TestsRunner:62 - Executed 0 tests in 2 miliseconds. 0 tests failed.
[INFO ] 07-12-2023 22:39:08 TestsRunner:65 - All tests passed.
[INFO ] 07-12-2023 22:41:30 TestsRunner:62 - Executed 1 tests in 3 miliseconds. 0 tests failed.
[INFO ] 07-12-2023 22:41:30 TestsRunner:65 - All tests passed.
[INFO ] 09-12-2023 22:15:26 TestsRunner:62 - Executed 1 tests in 6 miliseconds. 0 tests failed.
[INFO ] 09-12-2023 22:15:26 TestsRunner:65 - All tests passed.
[ERROR] 09-12-2023 22:17:58 TestsRunner:37 - Unable to find class file for org.ufjf.ice.dcc.teste.debora.jogovida.logica.Aquario
[ERROR] 09-12-2023 22:17:58 TestsRunner:37 - Unable to find class file for org.ufjf.ice.dcc.teste.debora.jogovida.logica.Configuracoes
[ERROR] 09-12-2023 22:17:58 TestsRunner:37 - Unable to find class file for org.ufjf.ice.dcc.teste.debora.jogovida.logica.Jogo
[ERROR] 09-12-2023 22:17:58 TestsRunner:37 - Unable to find class file for org.ufjf.ice.dcc.teste.debora.jogovida.logica.Peixe
[ERROR] 09-12-2023 22:17:58 TestsRunner:37 - Unable to find class file for org.ufjf.ice.dcc.teste.debora.jogovida.logica.PeixeA
[ERROR] 09-12-2023 22:17:58 TestsRunner:37 - Unable to find class file for org.ufjf.ice.dcc.teste.debora.jogovida.logica.PeixeB
[ERROR] 09-12-2023 22:17:58 TestsRunner:37 - Unable to find class file for org.ufjf.ice.dcc.teste.debora.jogovida.logica.PosicaoAdjacente
[ERROR] 09-12-2023 22:17:58 TestsRunner:37 - Unable to find class file for org.ufjf.ice.dcc.teste.debora.jogovida.TrabalhoDCC168
[ERROR] 09-12-2023 22:17:58 TestsRunner:50 - Unable to find class file for test org.ufjf.ice.dcc.teste.debora.jogovida.test.AquarioTest
[INFO ] 09-12-2023 22:20:06 TestsRunner:62 - Executed 1 tests in 3 miliseconds. 0 tests failed.
[INFO ] 09-12-2023 22:20:06 TestsRunner:65 - All tests passed.
[INFO ] 09-12-2023 22:41:12 TestsRunner:62 - Executed 1 tests in 3 miliseconds. 0 tests failed.
[INFO ] 09-12-2023 22:41:12 TestsRunner:65 - All tests passed.
[INFO ] 09-12-2023 22:45:49 TestsRunner:62 - Executed 1 tests in 4 miliseconds. 0 tests failed.
[INFO ] 09-12-2023 22:45:49 TestsRunner:65 - All tests passed.
[INFO ] 09-12-2023 22:46:44 TestsRunner:62 - Executed 1 tests in 4 miliseconds. 0 tests failed.
[INFO ] 09-12-2023 22:46:44 TestsRunner:65 - All tests passed.
[INFO ] 09-12-2023 22:49:39 TestsRunner:62 - Executed 2 tests in 21747 miliseconds. 0 tests failed.
[INFO ] 09-12-2023 22:49:39 TestsRunner:65 - All tests passed.
[INFO ] 09-12-2023 22:52:09 TestsRunner:62 - Executed 1 tests in 4 miliseconds. 0 tests failed.
[INFO ] 09-12-2023 22:52:09 TestsRunner:65 - All tests passed.
[INFO ] 09-12-2023 22:54:44 TestsRunner:62 - Executed 1 tests in 3 miliseconds. 0 tests failed.
[INFO ] 09-12-2023 22:54:44 TestsRunner:65 - All tests passed.
[INFO ] 09-12-2023 22:55:12 TestsRunner:62 - Executed 1 tests in 5 miliseconds. 0 tests failed.
[INFO ] 09-12-2023 22:55:12 TestsRunner:65 - All tests passed.
[ERROR] 09-12-2023 22:55:59 TestsRunner:37 - Unable to find class file for testes.ClasseEquivalenciaInvalidaTeste
[ERROR] 09-12-2023 22:55:59 TestsRunner:37 - Unable to find class file for testes.ClassesEquivalenciaValidasTeste
[INFO ] 09-12-2023 22:56:15 TestsRunner:62 - Executed 2 tests in 15906 miliseconds. 0 tests failed.
[INFO ] 09-12-2023 22:56:15 TestsRunner:65 - All tests passed.
[INFO ] 09-12-2023 23:01:56 TestsRunner:62 - Executed 2 tests in 20840 miliseconds. 0 tests failed.
[INFO ] 09-12-2023 23:01:56 TestsRunner:65 - All tests passed.
[INFO ] 10-12-2023 00:37:00 TestsRunner:62 - Executed 3 tests in 2735 miliseconds. 0 tests failed.
[INFO ] 10-12-2023 00:37:00 TestsRunner:65 - All tests passed.
[INFO ] 10-12-2023 00:51:24 TestsRunner:62 - Executed 1 tests in 505767 miliseconds. 0 tests failed.
[INFO ] 10-12-2023 00:51:24 TestsRunner:65 - All tests passed.
[INFO ] 10-12-2023 00:55:05 TestsRunner:62 - Executed 2 tests in 7110 miliseconds. 0 tests failed.
[INFO ] 10-12-2023 00:55:05 TestsRunner:65 - All tests passed.
[INFO ] 10-12-2023 01:03:39 TestsRunner:62 - Executed 3 tests in 9130 miliseconds. 0 tests failed.
[INFO ] 10-12-2023 01:03:39 TestsRunner:65 - All tests passed.
[INFO ] 10-12-2023 01:08:02 TestsRunner:62 - Executed 4 tests in 10740 miliseconds. 0 tests failed.
[INFO ] 10-12-2023 01:08:02 TestsRunner:65 - All tests passed.
[INFO ] 10-12-2023 01:11:07 TestsRunner:62 - Executed 5 tests in 39872 miliseconds. 0 tests failed.
[INFO ] 10-12-2023 01:11:07 TestsRunner:65 - All tests passed.
[INFO ] 10-12-2023 01:14:05 TestsRunner:62 - Executed 6 tests in 40790 miliseconds. 0 tests failed.
[INFO ] 10-12-2023 01:14:06 TestsRunner:65 - All tests passed.
[INFO ] 10-12-2023 01:16:36 TestsRunner:62 - Executed 7 tests in 56580 miliseconds. 0 tests failed.
[INFO ] 10-12-2023 01:16:36 TestsRunner:65 - All tests passed.
[INFO ] 10-12-2023 01:23:01 TestsRunner:62 - Executed 8 tests in 16443 miliseconds. 0 tests failed.
[INFO ] 10-12-2023 01:23:01 TestsRunner:65 - All tests passed.
[INFO ] 10-12-2023 11:18:37 TestsRunner:62 - Executed 8 tests in 13165 miliseconds. 0 tests failed.
[INFO ] 10-12-2023 11:18:37 TestsRunner:65 - All tests passed.
[INFO ] 10-12-2023 11:23:59 TestsRunner:62 - Executed 9 tests in 13965 miliseconds. 0 tests failed.
[INFO ] 10-12-2023 11:23:59 TestsRunner:65 - All tests passed.
[INFO ] 10-12-2023 11:29:54 TestsRunner:62 - Executed 10 tests in 17983 miliseconds. 0 tests failed.
[INFO ] 10-12-2023 11:29:54 TestsRunner:65 - All tests passed.
[INFO ] 10-12-2023 11:47:11 TestsRunner:62 - Executed 4 tests in 14 miliseconds. 0 tests failed.
[INFO ] 10-12-2023 11:47:11 TestsRunner:65 - All tests passed.
[INFO ] 10-12-2023 12:18:56 TestsRunner:62 - Executed 11 tests in 19 miliseconds. 8 tests failed.
[INFO ] 10-12-2023 12:18:56 TestsRunner:71 - ct1(testes.AquarioTest): 7
[INFO ] 10-12-2023 12:18:56 TestsRunner:71 - ct2(testes.AquarioTest): 7
[INFO ] 10-12-2023 12:18:56 TestsRunner:71 - ct3(testes.AquarioTest): 7
[INFO ] 10-12-2023 12:18:56 TestsRunner:71 - ct4(testes.AquarioTest): 7
[INFO ] 10-12-2023 12:18:56 TestsRunner:71 - ct5(testes.AquarioTest): 7
[INFO ] 10-12-2023 12:18:56 TestsRunner:71 - ct6(testes.AquarioTest): 7
[INFO ] 10-12-2023 12:18:56 TestsRunner:71 - ct7(testes.AquarioTest): 7
[INFO ] 10-12-2023 12:18:56 TestsRunner:71 - ct11(testes.AquarioTest): expected:<[Tamanhao inválido de aquário]> but was:<[Quantidade de peixes inválida]>
[INFO ] 10-12-2023 12:20:46 TestsRunner:62 - Executed 11 tests in 16 miliseconds. 7 tests failed.
[INFO ] 10-12-2023 12:20:46 TestsRunner:71 - ct1(testes.AquarioTest): 7
[INFO ] 10-12-2023 12:20:46 TestsRunner:71 - ct2(testes.AquarioTest): 7
[INFO ] 10-12-2023 12:20:46 TestsRunner:71 - ct3(testes.AquarioTest): 7
[INFO ] 10-12-2023 12:20:46 TestsRunner:71 - ct4(testes.AquarioTest): 7
[INFO ] 10-12-2023 12:20:46 TestsRunner:71 - ct5(testes.AquarioTest): 7
[INFO ] 10-12-2023 12:20:46 TestsRunner:71 - ct6(testes.AquarioTest): 7
[INFO ] 10-12-2023 12:20:46 TestsRunner:71 - ct7(testes.AquarioTest): 7
[INFO ] 10-12-2023 12:24:02 TestsRunner:62 - Executed 11 tests in 40 miliseconds. 0 tests failed.
[INFO ] 10-12-2023 12:24:02 TestsRunner:65 - All tests passed.
[INFO ] 10-12-2023 12:30:34 TestsRunner:62 - Executed 12 tests in 58 miliseconds. 1 tests failed.
[INFO ] 10-12-2023 12:30:34 TestsRunner:71 - ct12(testes.AquarioTest): expected:<[Condições do ambiente inválidas.]> but was:<[Quantidade de peixes inválida]>
[INFO ] 10-12-2023 12:31:25 TestsRunner:62 - Executed 12 tests in 27 miliseconds. 0 tests failed.
[INFO ] 10-12-2023 12:31:25 TestsRunner:65 - All tests passed.
[INFO ] 10-12-2023 12:37:26 TestsRunner:62 - Executed 13 tests in 28 miliseconds. 0 tests failed.
[INFO ] 10-12-2023 12:37:26 TestsRunner:65 - All tests passed.
[INFO ] 10-12-2023 13:18:55 TestsRunner:62 - Executed 22 tests in 371 miliseconds. 0 tests failed.
[INFO ] 10-12-2023 13:18:55 TestsRunner:65 - All tests passed.
[INFO ] 10-12-2023 23:49:51 TestsRunner:62 - Executed 23 tests in 263 miliseconds. 0 tests failed.
[INFO ] 10-12-2023 23:49:51 TestsRunner:65 - All tests passed.
[INFO ] 10-12-2023 23:56:56 TestsRunner:62 - Executed 24 tests in 160 miliseconds. 0 tests failed.
[INFO ] 10-12-2023 23:56:56 TestsRunner:65 - All tests passed.
[INFO ] 10-12-2023 23:57:59 TestsRunner:62 - Executed 24 tests in 281 miliseconds. 0 tests failed.
[INFO ] 10-12-2023 23:57:59 TestsRunner:65 - All tests passed.
[INFO ] 11-12-2023 00:04:25 TestsRunner:62 - Executed 25 tests in 555 miliseconds. 0 tests failed.
[INFO ] 11-12-2023 00:04:25 TestsRunner:65 - All tests passed.
[INFO ] 11-12-2023 00:10:14 TestsRunner:62 - Executed 26 tests in 185 miliseconds. 0 tests failed.
[INFO ] 11-12-2023 00:10:14 TestsRunner:65 - All tests passed.
[INFO ] 11-12-2023 11:17:24 TestsRunner:62 - Executed 1 tests in 25 miliseconds. 0 tests failed.
[INFO ] 11-12-2023 11:17:24 TestsRunner:65 - All tests passed.
[INFO ] 11-12-2023 12:02:02 TestsRunner:62 - Executed 23 tests in 238 miliseconds. 0 tests failed.
[INFO ] 11-12-2023 12:02:02 TestsRunner:65 - All tests passed.
[INFO ] 27-12-2023 09:30:33 TestsRunner:62 - Executed 26 tests in 323 miliseconds. 0 tests failed.
[INFO ] 27-12-2023 09:30:33 TestsRunner:65 - All tests passed.
[INFO ] 27-12-2023 16:58:16 TestsRunner:62 - Executed 27 tests in 493 miliseconds. 0 tests failed.
[INFO ] 27-12-2023 16:58:16 TestsRunner:65 - All tests passed.
[INFO ] 27-12-2023 17:11:39 TestsRunner:62 - Executed 28 tests in 146 miliseconds. 0 tests failed.
[INFO ] 27-12-2023 17:11:39 TestsRunner:65 - All tests passed.
[INFO ] 27-12-2023 17:19:02 TestsRunner:62 - Executed 29 tests in 546 miliseconds. 0 tests failed.
[INFO ] 27-12-2023 17:19:02 TestsRunner:65 - All tests passed.
[INFO ] 27-12-2023 17:20:34 TestsRunner:62 - Executed 30 tests in 170 miliseconds. 0 tests failed.
[INFO ] 27-12-2023 17:20:34 TestsRunner:65 - All tests passed.
[INFO ] 27-12-2023 17:20:59 TestsRunner:62 - Executed 30 tests in 150 miliseconds. 0 tests failed.
[INFO ] 27-12-2023 17:20:59 TestsRunner:65 - All tests passed.
[INFO ] 27-12-2023 17:22:34 TestsRunner:62 - Executed 31 tests in 156 miliseconds. 0 tests failed.
[INFO ] 27-12-2023 17:22:34 TestsRunner:65 - All tests passed.
[INFO ] 27-12-2023 23:27:51 TestsRunner:62 - Executed 32 tests in 443 miliseconds. 0 tests failed.
[INFO ] 27-12-2023 23:27:51 TestsRunner:65 - All tests passed.
[INFO ] 27-12-2023 23:34:40 TestsRunner:62 - Executed 33 tests in 255 miliseconds. 1 tests failed.
[INFO ] 27-12-2023 23:34:40 TestsRunner:71 - ct33(testes.AquarioTest): expected:<0> but was:<1>
[INFO ] 27-12-2023 23:35:08 TestsRunner:62 - Executed 33 tests in 277 miliseconds. 1 tests failed.
[INFO ] 27-12-2023 23:35:08 TestsRunner:71 - ct33(testes.AquarioTest): expected:<0> but was:<1>
[INFO ] 27-12-2023 23:40:29 TestsRunner:62 - Executed 34 tests in 203 miliseconds. 1 tests failed.
[INFO ] 27-12-2023 23:40:29 TestsRunner:71 - ct33(testes.AquarioTest): expected:<0> but was:<1>
